<?xml version="1.0" encoding="UTF-8"?>
<testng-results ignored="0" total="1" passed="1" failed="0" skipped="0">
  <reporter-output>
  </reporter-output>
  <suite started-at="2022-06-16T08:32:12 IST" name="Suite" finished-at="2022-06-16T08:32:22 IST" duration-ms="10103">
    <groups>
    </groups>
    <test started-at="2022-06-16T08:32:12 IST" name="Test" finished-at="2022-06-16T08:32:22 IST" duration-ms="10103">
      <class name="MvnTest.OrangeTest">
        <test-method is-config="true" signature="initiateBrowser()[pri:0, instance:MvnTest.OrangeTest@67a20f67]" started-at="2022-06-16T08:32:12 IST" name="initiateBrowser" finished-at="2022-06-16T08:32:22 IST" duration-ms="9399" status="PASS">
          <reporter-output>
          </reporter-output>
        </test-method> <!-- initiateBrowser -->
        <test-method is-config="true" signature="init()[pri:0, instance:MvnTest.OrangeTest@67a20f67]" started-at="2022-06-16T08:32:22 IST" name="init" finished-at="2022-06-16T08:32:22 IST" duration-ms="83" status="PASS">
          <reporter-output>
          </reporter-output>
        </test-method> <!-- init -->
        <test-method signature="login()[pri:0, instance:MvnTest.OrangeTest@67a20f67]" started-at="2022-06-16T08:32:22 IST" name="login" finished-at="2022-06-16T08:32:22 IST" duration-ms="277" status="PASS">
          <reporter-output>
          </reporter-output>
        </test-method> <!-- login -->
        <test-method is-config="true" signature="TearDown()[pri:0, instance:MvnTest.OrangeTest@67a20f67]" started-at="2022-06-16T08:32:22 IST" name="TearDown" finished-at="2022-06-16T08:32:22 IST" duration-ms="289" status="PASS">
          <reporter-output>
          </reporter-output>
        </test-method> <!-- TearDown -->
      </class> <!-- MvnTest.OrangeTest -->
    </test> <!-- Test -->
  </suite> <!-- Suite -->
</testng-results>
